Apr 24, 2026 7:02:57 PM sun.util.locale.provider.LocaleProviderAdapter <clinit>
WARNING: COMPAT locale provider will be removed in a future release
[2026-04-24T19:03:02,956][INFO ][o.e.n.Node               ] [SAURAV-RAJ.local] version[7.17.4], pid[62124], build[default/tar/79878662c54c886ae89206c685d9f1051a9d6411/2022-05-18T18:04:20.964345128Z], OS[Mac OS X/15.6.1/aarch64], JVM[Homebrew/OpenJDK 64-Bit Server VM/21.0.10/21.0.10]
[2026-04-24T19:03:02,957][INFO ][o.e.n.Node               ] [SAURAV-RAJ.local] JVM home [/opt/homebrew/Cellar/openjdk@21/21.0.10/libexec/openjdk.jdk/Contents/Home], using bundled JDK [false]
[2026-04-24T19:03:02,957][INFO ][o.e.n.Node               ] [SAURAV-RAJ.local] JVM arguments [-Xshare:auto, -Des.networkaddress.cache.ttl=60, -Des.networkaddress.cache.negative.ttl=10, -XX:+AlwaysPreTouch, -Xss1m, -Djava.awt.headless=true, -Dfile.encoding=UTF-8, -Djna.nosys=true, -XX:-OmitStackTraceInFastThrow, -XX:+ShowCodeDetailsInExceptionMessages, -Dio.netty.noUnsafe=true, -Dio.netty.noKeySetOptimization=true, -Dio.netty.recycler.maxCapacityPerThread=0, -Dio.netty.allocator.numDirectArenas=0, -Dlog4j.shutdownHookEnabled=false, -Dlog4j2.disable.jmx=true, -Dlog4j2.formatMsgNoLookups=true, -Djava.locale.providers=SPI,COMPAT, --add-opens=java.base/java.io=ALL-UNNAMED, -Djava.security.manager=allow, -XX:+UseG1GC, -Djava.io.tmpdir=/var/folders/rk/fh7vl2jd2dzcx5m30cp3vjp40000gn/T/elasticsearch-11743950625181039831, -XX:+HeapDumpOnOutOfMemoryError, -XX:+ExitOnOutOfMemoryError, -XX:HeapDumpPath=data, -XX:ErrorFile=logs/hs_err_pid%p.log, -Xlog:gc*,gc+age=trace,safepoint:file=/opt/homebrew/var/log/elasticsearch/gc.log:utctime,pid,tags:filecount=32,filesize=64m, -Xms8192m, -Xmx8192m, -XX:MaxDirectMemorySize=4294967296, -XX:InitiatingHeapOccupancyPercent=30, -XX:G1ReservePercent=25, -Des.path.home=/opt/homebrew/Cellar/elasticsearch-full/7.17.4/libexec, -Des.path.conf=/opt/homebrew/etc/elasticsearch, -Des.distribution.flavor=default, -Des.distribution.type=tar, -Des.bundled_jdk=true]
[2026-04-24T19:03:03,858][INFO ][o.e.p.PluginsService     ] [SAURAV-RAJ.local] loaded module [aggs-matrix-stats]
[2026-04-24T19:03:03,858][INFO ][o.e.p.PluginsService     ] [SAURAV-RAJ.local] loaded module [analysis-common]
[2026-04-24T19:03:03,858][INFO ][o.e.p.PluginsService     ] [SAURAV-RAJ.local] loaded module [constant-keyword]
[2026-04-24T19:03:03,858][INFO ][o.e.p.PluginsService     ] [SAURAV-RAJ.local] loaded module [frozen-indices]
[2026-04-24T19:03:03,858][INFO ][o.e.p.PluginsService     ] [SAURAV-RAJ.local] loaded module [ingest-common]
[2026-04-24T19:03:03,858][INFO ][o.e.p.PluginsService     ] [SAURAV-RAJ.local] loaded module [ingest-geoip]
[2026-04-24T19:03:03,858][INFO ][o.e.p.PluginsService     ] [SAURAV-RAJ.local] loaded module [ingest-user-agent]
[2026-04-24T19:03:03,858][INFO ][o.e.p.PluginsService     ] [SAURAV-RAJ.local] loaded module [kibana]
[2026-04-24T19:03:03,858][INFO ][o.e.p.PluginsService     ] [SAURAV-RAJ.local] loaded module [lang-expression]
[2026-04-24T19:03:03,859][INFO ][o.e.p.PluginsService     ] [SAURAV-RAJ.local] loaded module [lang-mustache]
[2026-04-24T19:03:03,859][INFO ][o.e.p.PluginsService     ] [SAURAV-RAJ.local] loaded module [lang-painless]
[2026-04-24T19:03:03,859][INFO ][o.e.p.PluginsService     ] [SAURAV-RAJ.local] loaded module [legacy-geo]
[2026-04-24T19:03:03,859][INFO ][o.e.p.PluginsService     ] [SAURAV-RAJ.local] loaded module [mapper-extras]
[2026-04-24T19:03:03,859][INFO ][o.e.p.PluginsService     ] [SAURAV-RAJ.local] loaded module [mapper-version]
[2026-04-24T19:03:03,859][INFO ][o.e.p.PluginsService     ] [SAURAV-RAJ.local] loaded module [parent-join]
[2026-04-24T19:03:03,859][INFO ][o.e.p.PluginsService     ] [SAURAV-RAJ.local] loaded module [percolator]
[2026-04-24T19:03:03,859][INFO ][o.e.p.PluginsService     ] [SAURAV-RAJ.local] loaded module [rank-eval]
[2026-04-24T19:03:03,859][INFO ][o.e.p.PluginsService     ] [SAURAV-RAJ.local] loaded module [reindex]
[2026-04-24T19:03:03,859][INFO ][o.e.p.PluginsService     ] [SAURAV-RAJ.local] loaded module [repositories-metering-api]
[2026-04-24T19:03:03,859][INFO ][o.e.p.PluginsService     ] [SAURAV-RAJ.local] loaded module [repository-encrypted]
[2026-04-24T19:03:03,859][INFO ][o.e.p.PluginsService     ] [SAURAV-RAJ.local] loaded module [repository-url]
[2026-04-24T19:03:03,859][INFO ][o.e.p.PluginsService     ] [SAURAV-RAJ.local] loaded module [runtime-fields-common]
[2026-04-24T19:03:03,860][INFO ][o.e.p.PluginsService     ] [SAURAV-RAJ.local] loaded module [search-business-rules]
[2026-04-24T19:03:03,860][INFO ][o.e.p.PluginsService     ] [SAURAV-RAJ.local] loaded module [searchable-snapshots]
[2026-04-24T19:03:03,860][INFO ][o.e.p.PluginsService     ] [SAURAV-RAJ.local] loaded module [snapshot-repo-test-kit]
[2026-04-24T19:03:03,860][INFO ][o.e.p.PluginsService     ] [SAURAV-RAJ.local] loaded module [spatial]
[2026-04-24T19:03:03,860][INFO ][o.e.p.PluginsService     ] [SAURAV-RAJ.local] loaded module [transform]
[2026-04-24T19:03:03,860][INFO ][o.e.p.PluginsService     ] [SAURAV-RAJ.local] loaded module [transport-netty4]
[2026-04-24T19:03:03,860][INFO ][o.e.p.PluginsService     ] [SAURAV-RAJ.local] loaded module [unsigned-long]
[2026-04-24T19:03:03,860][INFO ][o.e.p.PluginsService     ] [SAURAV-RAJ.local] loaded module [vector-tile]
[2026-04-24T19:03:03,860][INFO ][o.e.p.PluginsService     ] [SAURAV-RAJ.local] loaded module [vectors]
[2026-04-24T19:03:03,860][INFO ][o.e.p.PluginsService     ] [SAURAV-RAJ.local] loaded module [wildcard]
[2026-04-24T19:03:03,860][INFO ][o.e.p.PluginsService     ] [SAURAV-RAJ.local] loaded module [x-pack-aggregate-metric]
[2026-04-24T19:03:03,860][INFO ][o.e.p.PluginsService     ] [SAURAV-RAJ.local] loaded module [x-pack-analytics]
[2026-04-24T19:03:03,860][INFO ][o.e.p.PluginsService     ] [SAURAV-RAJ.local] loaded module [x-pack-async]
[2026-04-24T19:03:03,860][INFO ][o.e.p.PluginsService     ] [SAURAV-RAJ.local] loaded module [x-pack-async-search]
[2026-04-24T19:03:03,861][INFO ][o.e.p.PluginsService     ] [SAURAV-RAJ.local] loaded module [x-pack-autoscaling]
[2026-04-24T19:03:03,861][INFO ][o.e.p.PluginsService     ] [SAURAV-RAJ.local] loaded module [x-pack-ccr]
[2026-04-24T19:03:03,861][INFO ][o.e.p.PluginsService     ] [SAURAV-RAJ.local] loaded module [x-pack-core]
[2026-04-24T19:03:03,861][INFO ][o.e.p.PluginsService     ] [SAURAV-RAJ.local] loaded module [x-pack-data-streams]
[2026-04-24T19:03:03,861][INFO ][o.e.p.PluginsService     ] [SAURAV-RAJ.local] loaded module [x-pack-deprecation]
[2026-04-24T19:03:03,861][INFO ][o.e.p.PluginsService     ] [SAURAV-RAJ.local] loaded module [x-pack-enrich]
[2026-04-24T19:03:03,861][INFO ][o.e.p.PluginsService     ] [SAURAV-RAJ.local] loaded module [x-pack-eql]
[2026-04-24T19:03:03,861][INFO ][o.e.p.PluginsService     ] [SAURAV-RAJ.local] loaded module [x-pack-fleet]
[2026-04-24T19:03:03,861][INFO ][o.e.p.PluginsService     ] [SAURAV-RAJ.local] loaded module [x-pack-graph]
[2026-04-24T19:03:03,861][INFO ][o.e.p.PluginsService     ] [SAURAV-RAJ.local] loaded module [x-pack-identity-provider]
[2026-04-24T19:03:03,861][INFO ][o.e.p.PluginsService     ] [SAURAV-RAJ.local] loaded module [x-pack-ilm]
[2026-04-24T19:03:03,861][INFO ][o.e.p.PluginsService     ] [SAURAV-RAJ.local] loaded module [x-pack-logstash]
[2026-04-24T19:03:03,861][INFO ][o.e.p.PluginsService     ] [SAURAV-RAJ.local] loaded module [x-pack-ml]
[2026-04-24T19:03:03,861][INFO ][o.e.p.PluginsService     ] [SAURAV-RAJ.local] loaded module [x-pack-monitoring]
[2026-04-24T19:03:03,861][INFO ][o.e.p.PluginsService     ] [SAURAV-RAJ.local] loaded module [x-pack-ql]
[2026-04-24T19:03:03,862][INFO ][o.e.p.PluginsService     ] [SAURAV-RAJ.local] loaded module [x-pack-rollup]
[2026-04-24T19:03:03,862][INFO ][o.e.p.PluginsService     ] [SAURAV-RAJ.local] loaded module [x-pack-security]
[2026-04-24T19:03:03,862][INFO ][o.e.p.PluginsService     ] [SAURAV-RAJ.local] loaded module [x-pack-shutdown]
[2026-04-24T19:03:03,862][INFO ][o.e.p.PluginsService     ] [SAURAV-RAJ.local] loaded module [x-pack-sql]
[2026-04-24T19:03:03,862][INFO ][o.e.p.PluginsService     ] [SAURAV-RAJ.local] loaded module [x-pack-stack]
[2026-04-24T19:03:03,862][INFO ][o.e.p.PluginsService     ] [SAURAV-RAJ.local] loaded module [x-pack-text-structure]
[2026-04-24T19:03:03,862][INFO ][o.e.p.PluginsService     ] [SAURAV-RAJ.local] loaded module [x-pack-voting-only-node]
[2026-04-24T19:03:03,862][INFO ][o.e.p.PluginsService     ] [SAURAV-RAJ.local] loaded module [x-pack-watcher]
[2026-04-24T19:03:03,862][INFO ][o.e.p.PluginsService     ] [SAURAV-RAJ.local] no plugins loaded
[2026-04-24T19:03:03,872][INFO ][o.e.e.NodeEnvironment    ] [SAURAV-RAJ.local] using [1] data paths, mounts [[/System/Volumes/Data (/dev/disk3s5)]], net usable_space [242.4gb], net total_space [460.4gb], types [apfs]
[2026-04-24T19:03:03,872][INFO ][o.e.e.NodeEnvironment    ] [SAURAV-RAJ.local] heap size [8gb], compressed ordinary object pointers [true]
[2026-04-24T19:03:03,898][INFO ][o.e.n.Node               ] [SAURAV-RAJ.local] node name [SAURAV-RAJ.local], node ID [RCXePBIGToKWWA2G0BT7wQ], cluster name [elasticsearch_sauravraj], roles [transform, data_frozen, master, remote_cluster_client, data, data_content, data_hot, data_warm, data_cold, ingest]
[2026-04-24T19:03:05,191][ERROR][o.e.x.c.s.SSLService     ] [SAURAV-RAJ.local] unsupported ciphers [[TLS_RSA_WITH_AES_256_GCM_SHA384, TLS_RSA_WITH_AES_128_GCM_SHA256, TLS_RSA_WITH_AES_256_CBC_SHA256, TLS_RSA_WITH_AES_128_CBC_SHA256, TLS_RSA_WITH_AES_256_CBC_SHA, TLS_RSA_WITH_AES_128_CBC_SHA]] were requested but cannot be used in this JVM, however there are supported ciphers that will be used [[TLS_AES_256_GCM_SHA384, TLS_AES_128_GCM_SHA256, TLS_ECDHE_ECDSA_WITH_AES_256_GCM_SHA384, TLS_ECDHE_ECDSA_WITH_AES_128_GCM_SHA256, TLS_ECDHE_RSA_WITH_AES_256_GCM_SHA384, TLS_ECDHE_RSA_WITH_AES_128_GCM_SHA256, TLS_ECDHE_ECDSA_WITH_AES_256_CBC_SHA384, TLS_ECDHE_ECDSA_WITH_AES_128_CBC_SHA256, TLS_ECDHE_RSA_WITH_AES_256_CBC_SHA384, TLS_ECDHE_RSA_WITH_AES_128_CBC_SHA256, TLS_ECDHE_ECDSA_WITH_AES_256_CBC_SHA, TLS_ECDHE_ECDSA_WITH_AES_128_CBC_SHA, TLS_ECDHE_RSA_WITH_AES_256_CBC_SHA, TLS_ECDHE_RSA_WITH_AES_128_CBC_SHA]]. If you are trying to use ciphers with a key length greater than 128 bits on an Oracle JVM, you will need to install the unlimited strength JCE policy files.
[2026-04-24T19:03:05,308][INFO ][o.e.i.g.ConfigDatabases  ] [SAURAV-RAJ.local] initialized default databases [[GeoLite2-Country.mmdb, GeoLite2-City.mmdb, GeoLite2-ASN.mmdb]], config databases [[]] and watching [/opt/homebrew/etc/elasticsearch/ingest-geoip] for changes
[2026-04-24T19:03:05,309][INFO ][o.e.i.g.DatabaseNodeService] [SAURAV-RAJ.local] initialized database registry, using geoip-databases directory [/var/folders/rk/fh7vl2jd2dzcx5m30cp3vjp40000gn/T/elasticsearch-11743950625181039831/geoip-databases/RCXePBIGToKWWA2G0BT7wQ]
[2026-04-24T19:03:05,442][INFO ][o.e.t.NettyAllocator     ] [SAURAV-RAJ.local] creating NettyAllocator with the following configs: [name=elasticsearch_configured, chunk_size=1mb, suggested_max_allocation_size=1mb, factors={es.unsafe.use_netty_default_chunk_and_page_size=false, g1gc_enabled=true, g1gc_region_size=4mb}]
[2026-04-24T19:03:05,451][INFO ][o.e.i.r.RecoverySettings ] [SAURAV-RAJ.local] using rate limit [40mb] with [default=40mb, read=0b, write=0b, max=0b]
[2026-04-24T19:03:05,462][INFO ][o.e.d.DiscoveryModule    ] [SAURAV-RAJ.local] using discovery type [single-node] and seed hosts providers [settings]
[2026-04-24T19:03:05,568][INFO ][o.e.g.DanglingIndicesState] [SAURAV-RAJ.local] gateway.auto_import_dangling_indices is disabled, dangling indices will not be automatically detected or imported and must be managed manually
[2026-04-24T19:03:05,692][INFO ][o.e.n.Node               ] [SAURAV-RAJ.local] initialized
[2026-04-24T19:03:05,693][INFO ][o.e.n.Node               ] [SAURAV-RAJ.local] starting ...
[2026-04-24T19:03:05,708][INFO ][o.e.x.s.c.f.PersistentCache] [SAURAV-RAJ.local] persistent cache index loaded
[2026-04-24T19:03:05,709][INFO ][o.e.x.d.l.DeprecationIndexingComponent] [SAURAV-RAJ.local] deprecation component started
[2026-04-24T19:03:05,750][INFO ][o.e.t.TransportService   ] [SAURAV-RAJ.local] publish_address {127.0.0.1:9300}, bound_addresses {[::1]:9300}, {127.0.0.1:9300}
[2026-04-24T19:03:05,865][INFO ][o.e.c.c.Coordinator      ] [SAURAV-RAJ.local] cluster UUID [xjKB66PFTeCxQh5RHlaN5w]
[2026-04-24T19:03:05,957][INFO ][o.e.c.s.MasterService    ] [SAURAV-RAJ.local] elected-as-master ([1] nodes joined)[{SAURAV-RAJ.local}{RCXePBIGToKWWA2G0BT7wQ}{WkKLXcq9TkWCdX_j79nuow}{127.0.0.1}{127.0.0.1:9300}{cdfhimrstw} elect leader, _BECOME_MASTER_TASK_, _FINISH_ELECTION_], term: 4, version: 71, delta: master node changed {previous [], current [{SAURAV-RAJ.local}{RCXePBIGToKWWA2G0BT7wQ}{WkKLXcq9TkWCdX_j79nuow}{127.0.0.1}{127.0.0.1:9300}{cdfhimrstw}]}
[2026-04-24T19:03:05,987][INFO ][o.e.c.s.ClusterApplierService] [SAURAV-RAJ.local] master node changed {previous [], current [{SAURAV-RAJ.local}{RCXePBIGToKWWA2G0BT7wQ}{WkKLXcq9TkWCdX_j79nuow}{127.0.0.1}{127.0.0.1:9300}{cdfhimrstw}]}, term: 4, version: 71, reason: Publication{term=4, version=71}
[2026-04-24T19:03:06,000][INFO ][o.e.h.AbstractHttpServerTransport] [SAURAV-RAJ.local] publish_address {127.0.0.1:9200}, bound_addresses {[::1]:9200}, {127.0.0.1:9200}
[2026-04-24T19:03:06,001][INFO ][o.e.n.Node               ] [SAURAV-RAJ.local] started
[2026-04-24T19:03:06,104][INFO ][o.e.l.LicenseService     ] [SAURAV-RAJ.local] license [69095bb3-1999-4148-88dc-629d235b2556] mode [basic] - valid
[2026-04-24T19:03:06,105][INFO ][o.e.g.GatewayService     ] [SAURAV-RAJ.local] recovered [4] indices into cluster_state
[2026-04-24T19:03:06,326][INFO ][o.e.i.g.GeoIpDownloader  ] [SAURAV-RAJ.local] updating geoip databases
[2026-04-24T19:03:06,326][INFO ][o.e.i.g.GeoIpDownloader  ] [SAURAV-RAJ.local] fetching geoip databases overview from [https://geoip.elastic.co/v1/database?elastic_geoip_service_tos=agree]
[2026-04-24T19:03:06,327][INFO ][o.e.c.r.a.AllocationService] [SAURAV-RAJ.local] Cluster health status changed from [RED] to [GREEN] (reason: [shards started [[.geoip_databases][0], [.ds-.logs-deprecation.elasticsearch-default-2026.04.24-000001][0], [.ds-ilm-history-5-2026.04.24-000001][0], [catalogue_products][0]]]).
[2026-04-24T19:03:06,348][INFO ][o.e.i.g.DatabaseNodeService] [SAURAV-RAJ.local] retrieve geoip database [GeoLite2-Country.mmdb] from [.geoip_databases] to [/var/folders/rk/fh7vl2jd2dzcx5m30cp3vjp40000gn/T/elasticsearch-11743950625181039831/geoip-databases/RCXePBIGToKWWA2G0BT7wQ/GeoLite2-Country.mmdb.tmp.gz]
[2026-04-24T19:03:06,352][INFO ][o.e.i.g.DatabaseNodeService] [SAURAV-RAJ.local] retrieve geoip database [GeoLite2-City.mmdb] from [.geoip_databases] to [/var/folders/rk/fh7vl2jd2dzcx5m30cp3vjp40000gn/T/elasticsearch-11743950625181039831/geoip-databases/RCXePBIGToKWWA2G0BT7wQ/GeoLite2-City.mmdb.tmp.gz]
[2026-04-24T19:03:06,352][INFO ][o.e.i.g.DatabaseNodeService] [SAURAV-RAJ.local] retrieve geoip database [GeoLite2-ASN.mmdb] from [.geoip_databases] to [/var/folders/rk/fh7vl2jd2dzcx5m30cp3vjp40000gn/T/elasticsearch-11743950625181039831/geoip-databases/RCXePBIGToKWWA2G0BT7wQ/GeoLite2-ASN.mmdb.tmp.gz]
[2026-04-24T19:03:06,480][INFO ][o.e.i.g.DatabaseNodeService] [SAURAV-RAJ.local] successfully reloaded changed geoip database file [/var/folders/rk/fh7vl2jd2dzcx5m30cp3vjp40000gn/T/elasticsearch-11743950625181039831/geoip-databases/RCXePBIGToKWWA2G0BT7wQ/GeoLite2-Country.mmdb]
[2026-04-24T19:03:06,493][INFO ][o.e.i.g.DatabaseNodeService] [SAURAV-RAJ.local] successfully reloaded changed geoip database file [/var/folders/rk/fh7vl2jd2dzcx5m30cp3vjp40000gn/T/elasticsearch-11743950625181039831/geoip-databases/RCXePBIGToKWWA2G0BT7wQ/GeoLite2-ASN.mmdb]
[2026-04-24T19:03:06,714][INFO ][o.e.i.g.DatabaseNodeService] [SAURAV-RAJ.local] successfully reloaded changed geoip database file [/var/folders/rk/fh7vl2jd2dzcx5m30cp3vjp40000gn/T/elasticsearch-11743950625181039831/geoip-databases/RCXePBIGToKWWA2G0BT7wQ/GeoLite2-City.mmdb]
[2026-04-24T19:03:07,332][INFO ][o.e.i.g.GeoIpDownloader  ] [SAURAV-RAJ.local] geoip database [GeoLite2-ASN.mmdb] is up to date, updated timestamp
[2026-04-24T19:03:07,362][INFO ][o.e.i.g.GeoIpDownloader  ] [SAURAV-RAJ.local] geoip database [GeoLite2-City.mmdb] is up to date, updated timestamp
[2026-04-24T19:03:07,384][INFO ][o.e.i.g.GeoIpDownloader  ] [SAURAV-RAJ.local] geoip database [GeoLite2-Country.mmdb] is up to date, updated timestamp
[2026-04-24T19:23:42,204][WARN ][o.e.t.ThreadPool         ] [SAURAV-RAJ.local] timer thread slept for [17.1m/1026647ms] on absolute clock which is above the warn threshold of [5000ms]
[2026-04-24T19:39:10,364][WARN ][o.e.t.ThreadPool         ] [SAURAV-RAJ.local] timer thread slept for [15.3m/923079ms] on absolute clock which is above the warn threshold of [5000ms]
[2026-04-24T19:55:57,056][WARN ][o.e.t.ThreadPool         ] [SAURAV-RAJ.local] timer thread slept for [16.6m/998666ms] on absolute clock which is above the warn threshold of [5000ms]
[2026-04-24T20:12:37,166][WARN ][o.e.t.ThreadPool         ] [SAURAV-RAJ.local] timer thread slept for [16.5m/994903ms] on absolute clock which is above the warn threshold of [5000ms]
[2026-04-24T20:27:44,045][WARN ][o.e.t.ThreadPool         ] [SAURAV-RAJ.local] timer thread slept for [15m/901951ms] on absolute clock which is above the warn threshold of [5000ms]
[2026-04-24T20:43:51,176][WARN ][o.e.t.ThreadPool         ] [SAURAV-RAJ.local] timer thread slept for [16m/961933ms] on absolute clock which is above the warn threshold of [5000ms]
[2026-04-24T20:53:05,200][WARN ][o.e.t.ThreadPool         ] [SAURAV-RAJ.local] timer thread slept for [9.1m/549070ms] on absolute clock which is above the warn threshold of [5000ms]
[2026-04-24T21:03:08,477][WARN ][o.e.t.ThreadPool         ] [SAURAV-RAJ.local] timer thread slept for [9.8m/588149ms] on absolute clock which is above the warn threshold of [5000ms]
[2026-04-24T21:06:44,578][WARN ][o.e.t.ThreadPool         ] [SAURAV-RAJ.local] timer thread slept for [3.4m/208472ms] on absolute clock which is above the warn threshold of [5000ms]
[2026-04-24T21:07:34,229][WARN ][o.e.t.ThreadPool         ] [SAURAV-RAJ.local] timer thread slept for [39s/39083ms] on absolute clock which is above the warn threshold of [5000ms]
[2026-04-24T21:08:08,883][WARN ][o.e.t.ThreadPool         ] [SAURAV-RAJ.local] timer thread slept for [8.1s/8136ms] on absolute clock which is above the warn threshold of [5000ms]
[2026-04-24T21:10:15,172][WARN ][o.e.t.ThreadPool         ] [SAURAV-RAJ.local] timer thread slept for [1.4m/87597ms] on absolute clock which is above the warn threshold of [5000ms]
[2026-04-24T21:11:39,978][WARN ][o.e.t.ThreadPool         ] [SAURAV-RAJ.local] timer thread slept for [1m/63653ms] on absolute clock which is above the warn threshold of [5000ms]
[2026-04-24T21:12:52,003][WARN ][o.e.t.ThreadPool         ] [SAURAV-RAJ.local] timer thread slept for [1m/60919ms] on absolute clock which is above the warn threshold of [5000ms]
[2026-04-24T21:13:39,484][WARN ][o.e.t.ThreadPool         ] [SAURAV-RAJ.local] timer thread slept for [39.6s/39638ms] on absolute clock which is above the warn threshold of [5000ms]
[2026-04-24T21:14:45,046][WARN ][o.e.t.ThreadPool         ] [SAURAV-RAJ.local] timer thread slept for [54.4s/54456ms] on absolute clock which is above the warn threshold of [5000ms]
[2026-04-24T21:15:32,233][WARN ][o.e.t.ThreadPool         ] [SAURAV-RAJ.local] timer thread slept for [39.6s/39688ms] on absolute clock which is above the warn threshold of [5000ms]
[2026-04-24T21:16:39,518][WARN ][o.e.t.ThreadPool         ] [SAURAV-RAJ.local] timer thread slept for [1m/60069ms] on absolute clock which is above the warn threshold of [5000ms]
[2026-04-24T21:17:45,190][WARN ][o.e.t.ThreadPool         ] [SAURAV-RAJ.local] timer thread slept for [56.3s/56397ms] on absolute clock which is above the warn threshold of [5000ms]
[2026-04-24T21:20:01,546][WARN ][o.e.t.ThreadPool         ] [SAURAV-RAJ.local] timer thread slept for [2m/120728ms] on absolute clock which is above the warn threshold of [5000ms]
[2026-04-24T21:20:50,388][WARN ][o.e.t.ThreadPool         ] [SAURAV-RAJ.local] timer thread slept for [39.7s/39777ms] on absolute clock which is above the warn threshold of [5000ms]
[2026-04-24T21:21:50,391][WARN ][o.e.t.ThreadPool         ] [SAURAV-RAJ.local] timer thread slept for [48.8s/48854ms] on absolute clock which is above the warn threshold of [5000ms]
[2026-04-24T21:22:33,527][WARN ][o.e.t.ThreadPool         ] [SAURAV-RAJ.local] timer thread slept for [32.2s/32251ms] on absolute clock which is above the warn threshold of [5000ms]
[2026-04-24T21:23:35,051][WARN ][o.e.t.ThreadPool         ] [SAURAV-RAJ.local] timer thread slept for [38.9s/38959ms] on absolute clock which is above the warn threshold of [5000ms]
[2026-04-24T21:24:44,134][WARN ][o.e.t.ThreadPool         ] [SAURAV-RAJ.local] timer thread slept for [1m/61816ms] on absolute clock which is above the warn threshold of [5000ms]
[2026-04-24T21:25:46,853][WARN ][o.e.t.ThreadPool         ] [SAURAV-RAJ.local] timer thread slept for [54.4s/54472ms] on absolute clock which is above the warn threshold of [5000ms]
[2026-04-24T21:26:57,828][WARN ][o.e.t.ThreadPool         ] [SAURAV-RAJ.local] timer thread slept for [1m/63703ms] on absolute clock which is above the warn threshold of [5000ms]
[2026-04-24T21:28:00,371][WARN ][o.e.t.ThreadPool         ] [SAURAV-RAJ.local] timer thread slept for [53.7s/53718ms] on absolute clock which is above the warn threshold of [5000ms]
[2026-04-24T21:28:51,013][WARN ][o.e.t.ThreadPool         ] [SAURAV-RAJ.local] timer thread slept for [43.3s/43369ms] on absolute clock which is above the warn threshold of [5000ms]
[2026-04-24T21:29:48,199][WARN ][o.e.t.ThreadPool         ] [SAURAV-RAJ.local] timer thread slept for [45.2s/45243ms] on absolute clock which is above the warn threshold of [5000ms]
[2026-04-24T21:30:35,005][WARN ][o.e.t.ThreadPool         ] [SAURAV-RAJ.local] timer thread slept for [36.1s/36138ms] on absolute clock which is above the warn threshold of [5000ms]
[2026-04-24T21:31:34,886][WARN ][o.e.t.ThreadPool         ] [SAURAV-RAJ.local] timer thread slept for [45.2s/45253ms] on absolute clock which is above the warn threshold of [5000ms]
[2026-04-24T21:32:36,556][WARN ][o.e.t.ThreadPool         ] [SAURAV-RAJ.local] timer thread slept for [50.7s/50752ms] on absolute clock which is above the warn threshold of [5000ms]
[2026-04-24T21:33:10,652][WARN ][o.e.t.ThreadPool         ] [SAURAV-RAJ.local] timer thread slept for [23.1s/23186ms] on absolute clock which is above the warn threshold of [5000ms]
[2026-04-24T21:34:10,822][WARN ][o.e.t.ThreadPool         ] [SAURAV-RAJ.local] timer thread slept for [50.7s/50705ms] on absolute clock which is above the warn threshold of [5000ms]
[2026-04-24T21:51:59,112][WARN ][o.e.t.ThreadPool         ] [SAURAV-RAJ.local] timer thread slept for [17.6m/1056750ms] on absolute clock which is above the warn threshold of [5000ms]
[2026-04-24T22:08:57,118][WARN ][o.e.t.ThreadPool         ] [SAURAV-RAJ.local] timer thread slept for [16.8m/1012898ms] on absolute clock which is above the warn threshold of [5000ms]
[2026-04-24T22:25:45,294][WARN ][o.e.t.ThreadPool         ] [SAURAV-RAJ.local] timer thread slept for [16.7m/1003196ms] on absolute clock which is above the warn threshold of [5000ms]
[2026-04-25T00:04:53,000][WARN ][o.e.t.ThreadPool         ] [SAURAV-RAJ.local] timer thread slept for [17.6m/1057169ms] on absolute clock which is above the warn threshold of [5000ms]
[2026-04-25T00:18:38,297][WARN ][o.e.t.ThreadPool         ] [SAURAV-RAJ.local] timer thread slept for [13.6m/820268ms] on absolute clock which is above the warn threshold of [5000ms]
[2026-04-25T01:18:19,684][WARN ][o.e.t.ThreadPool         ] [SAURAV-RAJ.local] timer thread slept for [5.7m/346142ms] on absolute clock which is above the warn threshold of [5000ms]
[2026-04-25T01:37:47,567][WARN ][o.e.t.ThreadPool         ] [SAURAV-RAJ.local] timer thread slept for [1.4m/86467ms] on absolute clock which is above the warn threshold of [5000ms]
[2026-04-25T02:32:55,697][WARN ][o.e.t.ThreadPool         ] [SAURAV-RAJ.local] timer thread slept for [12.8m/771407ms] on absolute clock which is above the warn threshold of [5000ms]
[2026-04-25T03:54:15,038][WARN ][o.e.t.ThreadPool         ] [SAURAV-RAJ.local] timer thread slept for [15.5m/934077ms] on absolute clock which is above the warn threshold of [5000ms]
[2026-04-25T04:10:13,914][WARN ][o.e.t.ThreadPool         ] [SAURAV-RAJ.local] timer thread slept for [15.8m/953953ms] on absolute clock which is above the warn threshold of [5000ms]
[2026-04-25T04:25:57,981][WARN ][o.e.t.ThreadPool         ] [SAURAV-RAJ.local] timer thread slept for [15.6m/938907ms] on absolute clock which is above the warn threshold of [5000ms]
[2026-04-25T04:43:53,892][WARN ][o.e.t.ThreadPool         ] [SAURAV-RAJ.local] timer thread slept for [17.8m/1070987ms] on absolute clock which is above the warn threshold of [5000ms]
[2026-04-25T04:45:38,673][WARN ][o.e.t.ThreadPool         ] [SAURAV-RAJ.local] timer thread slept for [1.6m/99662ms] on absolute clock which is above the warn threshold of [5000ms]
[2026-04-25T05:02:35,970][WARN ][o.e.t.ThreadPool         ] [SAURAV-RAJ.local] timer thread slept for [16.7m/1005381ms] on absolute clock which is above the warn threshold of [5000ms]
[2026-04-25T05:03:10,635][WARN ][o.e.t.ThreadPool         ] [SAURAV-RAJ.local] timer thread slept for [29.7s/29718ms] on absolute clock which is above the warn threshold of [5000ms]
[2026-04-25T05:19:12,020][WARN ][o.e.t.ThreadPool         ] [SAURAV-RAJ.local] timer thread slept for [15.7m/946939ms] on absolute clock which is above the warn threshold of [5000ms]
[2026-04-25T05:34:38,957][WARN ][o.e.t.ThreadPool         ] [SAURAV-RAJ.local] timer thread slept for [15.3m/921969ms] on absolute clock which is above the warn threshold of [5000ms]
[2026-04-25T05:39:34,947][WARN ][o.e.t.ThreadPool         ] [SAURAV-RAJ.local] timer thread slept for [4.8m/290899ms] on absolute clock which is above the warn threshold of [5000ms]
[2026-04-25T05:57:15,957][WARN ][o.e.t.ThreadPool         ] [SAURAV-RAJ.local] timer thread slept for [17.5m/1053803ms] on absolute clock which is above the warn threshold of [5000ms]
[2026-04-25T06:14:34,815][WARN ][o.e.t.ThreadPool         ] [SAURAV-RAJ.local] timer thread slept for [17.2m/1033921ms] on absolute clock which is above the warn threshold of [5000ms]
[2026-04-25T06:29:44,831][WARN ][o.e.t.ThreadPool         ] [SAURAV-RAJ.local] timer thread slept for [15m/904866ms] on absolute clock which is above the warn threshold of [5000ms]
[2026-04-25T06:40:34,771][WARN ][o.e.t.ThreadPool         ] [SAURAV-RAJ.local] timer thread slept for [10.7m/644980ms] on absolute clock which is above the warn threshold of [5000ms]
[2026-04-25T06:52:38,894][WARN ][o.e.t.ThreadPool         ] [SAURAV-RAJ.local] timer thread slept for [11.9m/716750ms] on absolute clock which is above the warn threshold of [5000ms]
[2026-04-25T06:56:47,606][INFO ][o.e.c.m.MetadataMappingService] [SAURAV-RAJ.local] [catalogue_products/GzccLRS6Q5WkQQXeE-1j5g] update_mapping [_doc]
[2026-04-25T08:08:33,945][INFO ][o.e.c.m.MetadataMappingService] [SAURAV-RAJ.local] [catalogue_products/GzccLRS6Q5WkQQXeE-1j5g] update_mapping [_doc]
[2026-04-25T08:36:51,834][WARN ][o.e.t.ThreadPool         ] [SAURAV-RAJ.local] timer thread slept for [15m/900786ms] on absolute clock which is above the warn threshold of [5000ms]
[2026-04-25T08:38:09,840][WARN ][o.e.t.ThreadPool         ] [SAURAV-RAJ.local] timer thread slept for [1.2m/72852ms] on absolute clock which is above the warn threshold of [5000ms]
[2026-04-25T08:53:22,757][WARN ][o.e.t.ThreadPool         ] [SAURAV-RAJ.local] timer thread slept for [15m/905741ms] on absolute clock which is above the warn threshold of [5000ms]
[2026-04-25T09:00:31,119][WARN ][o.e.t.ThreadPool         ] [SAURAV-RAJ.local] timer thread slept for [7m/423170ms] on absolute clock which is above the warn threshold of [5000ms]
[2026-04-25T09:31:59,112][INFO ][o.e.n.Node               ] [SAURAV-RAJ.local] stopping ...
[2026-04-25T09:31:59,146][INFO ][o.e.x.w.WatcherService   ] [SAURAV-RAJ.local] stopping watch service, reason [shutdown initiated]
[2026-04-25T09:31:59,152][INFO ][o.e.x.w.WatcherLifeCycleService] [SAURAV-RAJ.local] watcher has stopped and shutdown
[2026-04-25T09:31:59,311][INFO ][o.e.n.Node               ] [SAURAV-RAJ.local] stopped
[2026-04-25T09:31:59,312][INFO ][o.e.n.Node               ] [SAURAV-RAJ.local] closing ...
[2026-04-25T09:31:59,357][INFO ][o.e.i.g.DatabaseReaderLazyLoader] [SAURAV-RAJ.local] evicted [0] entries from cache after reloading database [/var/folders/rk/fh7vl2jd2dzcx5m30cp3vjp40000gn/T/elasticsearch-11743950625181039831/geoip-databases/RCXePBIGToKWWA2G0BT7wQ/GeoLite2-Country.mmdb]
[2026-04-25T09:31:59,358][INFO ][o.e.i.g.DatabaseReaderLazyLoader] [SAURAV-RAJ.local] evicted [0] entries from cache after reloading database [/var/folders/rk/fh7vl2jd2dzcx5m30cp3vjp40000gn/T/elasticsearch-11743950625181039831/geoip-databases/RCXePBIGToKWWA2G0BT7wQ/GeoLite2-ASN.mmdb]
[2026-04-25T09:31:59,358][INFO ][o.e.i.g.DatabaseReaderLazyLoader] [SAURAV-RAJ.local] evicted [0] entries from cache after reloading database [/var/folders/rk/fh7vl2jd2dzcx5m30cp3vjp40000gn/T/elasticsearch-11743950625181039831/geoip-databases/RCXePBIGToKWWA2G0BT7wQ/GeoLite2-City.mmdb]
[2026-04-25T09:31:59,362][INFO ][o.e.n.Node               ] [SAURAV-RAJ.local] closed
